-------------------------------------------------------------------------------
Test set: order.OrderTest
-------------------------------------------------------------------------------
Tests run: 5, Failures: 2, Errors: 0, Skipped: 0, Time elapsed: 7.832 s <<< FAILURE! - in order.OrderTest
failCreateOrderWithAuthorizationAndIncorrectHashIngredientTestOk(order.OrderTest)  Time elapsed: 1.579 s  <<< FAILURE!
java.lang.AssertionError: 
1 expectation failed.
Expected status code <500> but was <400>.

	at order.OrderTest.failCreateOrderWithAuthorizationAndIncorrectHashIngredientTestOk(OrderTest.java:83)

failCreateOrderWithoutAuthorizationAndTwoIngredientTestOk(order.OrderTest)  Time elapsed: 1.234 s  <<< FAILURE!
java.lang.AssertionError: 
1 expectation failed.
JSON path message doesn't match.
Expected: Ingredient ids must be provided
  Actual: null

	at order.OrderTest.failCreateOrderWithoutAuthorizationAndTwoIngredientTestOk(OrderTest.java:63)

